<?xml version="1.0" encoding="UTF-8"?>
<!-- Generated by org.testng.reporters.JUnitReportReporter -->
<testsuite hostname="DESKTOP-S43EVN7" name="com.wallethub.project.utils.WallethubTestCase002" tests="1" failures="0" timestamp="20 Oct 2018 15:15:33 GMT" time="69.375" errors="0">
  <testcase name="testLogin" time="69.375" classname="com.wallethub.project.utils.WallethubTestCase002"/>
</testsuite> <!-- com.wallethub.project.utils.WallethubTestCase002 -->
