<?xml version="1.0" encoding="UTF-8"?>
<!-- Generated by org.testng.reporters.JUnitReportReporter -->
<testsuite hostname="DESKTOP-S43EVN7" name="com.wallethub.project.utils.FacebookTestCase001" tests="1" failures="0" timestamp="19 Oct 2018 06:11:16 GMT" time="39.198" errors="0">
  <testcase name="testValidLoginAndPostMsg" time="39.198" classname="com.wallethub.project.utils.FacebookTestCase001"/>
</testsuite> <!-- com.wallethub.project.utils.FacebookTestCase001 -->
